<?xml version="1.0" encoding="UTF-8"?>
<!-- Generated by org.testng.reporters.JUnitXMLReporter -->
<testsuite hostname="LAPTOP-AUG5HGQL" ignored="0" name="Default test" tests="8" failures="0" timestamp="27 Oct 2020 23:39:42 GMT" time="0.311" errors="0">
  <testcase name="Click_Next_Button" time="0.082" classname="tests.TestCase1"/>
  <testcase name="Click_Signup_Link" time="0.015" classname="tests.TestCase1"/>
  <testcase name="Enter_Password" time="0.0" classname="tests.TestCase1"/>
  <testcase name="Enter_Username" time="0.0" classname="tests.TestCase1"/>
  <testcase name="GoTo_Gmail" time="0.0" classname="tests.TestCase1"/>
  <testcase name="Launching_URL" time="0.0" classname="tests.TestCase1"/>
  <testcase name="Navigate_HomePage" time="0.0" classname="tests.TestCase1"/>
  <testcase name="Open_Browser" time="0.0" classname="tests.TestCase1"/>
</testsuite> <!-- Default test -->
